audio-dsound I           dsound.cpp:271  _dsound_open                     [   0.00000] Starting DirectSound...
audio-dsound D           dsound.cpp:280  _dsound_open                     [   0.00000] DirectSoundCreate8 succeeded
audio-dsound I           dsound.cpp:73   get_window                       [   0.00000] Using desktop window: 0000000000010010
audio    I              audio.c:347  do_install_audio                 [   0.00000] Using DirectSound driver
audio-dsound D           dsound.cpp:311  _dsound_allocate_voice           [   0.00000] Allocating voice
audio-dsound D           dsound.cpp:370  _dsound_allocate_voice           [   0.00000] Allocated voice
dtor     D               dtor.c:196  _al_register_destructor          [   0.00000] added dtor for voice 0000000002883e00, func 00007ffa6a245024
dtor     D               dtor.c:196  _al_register_destructor          [   0.00000] added dtor for mixer 00000000010eae70, func 00007ffa6a2404dc
audio-dsound D           dsound.cpp:466  _dsound_start_voice              [   0.00000] Starting voice
audio-dsound D           dsound.cpp:494  _dsound_start_voice              [   0.00000] CreateSoundBuffer
audio-dsound D           dsound.cpp:502  _dsound_start_voice              [   0.00000] CreateSoundBuffer succeeded
audio-dsound D           dsound.cpp:508  _dsound_start_voice              [   0.00000] Starting _dsound_update thread
audio-dsound I           dsound.cpp:518  _dsound_start_voice              [   0.00000] Voice started
dtor     D               dtor.c:196  _al_register_destructor          [   0.00000] added dtor for sample_instance 00000000010eb440, func 00007ffa6a23929b
audio    D          kcm_mixer.c:121  _al_rechannel_matrix             [   0.00000] sample matrix:
audio    D          kcm_mixer.c:127  _al_rechannel_matrix             [   0.00000] 
audio    D          kcm_mixer.c:127  _al_rechannel_matrix             [   0.00000] 
dtor     D               dtor.c:196  _al_register_destructor          [   0.00000] added dtor for sample_instance 00000000010eb910, func 00007ffa6a23929b
audio    D          kcm_mixer.c:121  _al_rechannel_matrix             [   0.00000] sample matrix:
audio    D          kcm_mixer.c:127  _al_rechannel_matrix             [   0.00000] 
audio    D          kcm_mixer.c:127  _al_rechannel_matrix             [   0.00000] 
dtor     D               dtor.c:196  _al_register_destructor          [   0.00000] added dtor for sample_instance 00000000010eb1d0, func 00007ffa6a23929b
audio    D          kcm_mixer.c:121  _al_rechannel_matrix             [   0.00000] sample matrix:
audio    D          kcm_mixer.c:127  _al_rechannel_matrix             [   0.00000] 
audio    D          kcm_mixer.c:127  _al_rechannel_matrix             [   0.00000] 
dtor     D               dtor.c:196  _al_register_destructor          [   0.00000] added dtor for sample_instance 0000000002887fe0, func 00007ffa6a23929b
audio    D          kcm_mixer.c:121  _al_rechannel_matrix             [   0.00000] sample matrix:
audio    D          kcm_mixer.c:127  _al_rechannel_matrix             [   0.00000] 
audio    D          kcm_mixer.c:127  _al_rechannel_matrix             [   0.00000] 
dtor     D               dtor.c:196  _al_register_destructor          [   0.00000] added dtor for sample_instance 00000000028901c0, func 00007ffa6a23929b
audio    D          kcm_mixer.c:121  _al_rechannel_matrix             [   0.00000] sample matrix:
audio    D          kcm_mixer.c:127  _al_rechannel_matrix             [   0.00000] 
audio    D          kcm_mixer.c:127  _al_rechannel_matrix             [   0.00000] 
dtor     D               dtor.c:196  _al_register_destructor          [   0.00000] added dtor for sample_instance 00000000028916f0, func 00007ffa6a23929b
audio    D          kcm_mixer.c:121  _al_rechannel_matrix             [   0.00000] sample matrix:
audio    D          kcm_mixer.c:127  _al_rechannel_matrix             [   0.00000] 
audio    D          kcm_mixer.c:127  _al_rechannel_matrix             [   0.00000] 
dtor     D               dtor.c:196  _al_register_destructor          [   0.00000] added dtor for sample_instance 0000000002891860, func 00007ffa6a23929b
audio    D          kcm_mixer.c:121  _al_rechannel_matrix             [   0.00000] sample matrix:
audio    D          kcm_mixer.c:127  _al_rechannel_matrix             [   0.00000] 
audio    D          kcm_mixer.c:127  _al_rechannel_matrix             [   0.00000] 
dtor     D               dtor.c:196  _al_register_destructor          [   0.00000] added dtor for sample_instance 00000000028919f0, func 00007ffa6a23929b
audio    D          kcm_mixer.c:121  _al_rechannel_matrix             [   0.00000] sample matrix:
audio    D          kcm_mixer.c:127  _al_rechannel_matrix             [   0.00000] 
audio    D          kcm_mixer.c:127  _al_rechannel_matrix             [   0.00000] 
dtor     D               dtor.c:196  _al_register_destructor          [   0.00000] added dtor for sample_instance 00000000010ebb40, func 00007ffa6a23929b
audio    D          kcm_mixer.c:121  _al_rechannel_matrix             [   0.00000] sample matrix:
audio    D          kcm_mixer.c:127  _al_rechannel_matrix             [   0.00000] 
audio    D          kcm_mixer.c:127  _al_rechannel_matrix             [   0.00000] 
dtor     D               dtor.c:196  _al_register_destructor          [   0.00000] added dtor for sample_instance 00000000010ebc60, func 00007ffa6a23929b
audio    D          kcm_mixer.c:121  _al_rechannel_matrix             [   0.00000] sample matrix:
audio    D          kcm_mixer.c:127  _al_rechannel_matrix             [   0.00000] 
audio    D          kcm_mixer.c:127  _al_rechannel_matrix             [   0.00000] 
dtor     D               dtor.c:196  _al_register_destructor          [   0.00000] added dtor for mixer 00000000010ec190, func 00007ffa6a2404dc
audio-dsound D           dsound.cpp:311  _dsound_allocate_voice           [   0.00000] Allocating voice
audio-dsound D           dsound.cpp:370  _dsound_allocate_voice           [   0.00000] Allocated voice
dtor     D               dtor.c:196  _al_register_destructor          [   0.00000] added dtor for voice 00000000010ec2f0, func 00007ffa6a245024
audio-dsound D           dsound.cpp:466  _dsound_start_voice              [   0.00000] Starting voice
audio-dsound D           dsound.cpp:494  _dsound_start_voice              [   0.00000] CreateSoundBuffer
audio-dsound D           dsound.cpp:502  _dsound_start_voice              [   0.00000] CreateSoundBuffer succeeded
audio-dsound D           dsound.cpp:508  _dsound_start_voice              [   0.00000] Starting _dsound_update thread
audio-dsound I           dsound.cpp:518  _dsound_start_voice              [   0.00000] Voice started
stdio    D         file_stdio.c:110  file_stdio_fopen                 [   0.00000] opening ./samples/drums.wav rb
wav      E                wav.c:121  wav_open                         [   0.00000] Bad RIFF type.
dtor     D               dtor.c:196  _al_register_destructor          [   0.00000] added dtor for sample 00000000010ebe00, func 00007ffa6a241a1d
stdio    D         file_stdio.c:110  file_stdio_fopen                 [   0.00000] opening ./samples/spectra16.wav rb
wav      E                wav.c:121  wav_open                         [   0.00000] Bad RIFF type.
dtor     D               dtor.c:196  _al_register_destructor          [   0.00000] added dtor for sample 00000000010ec100, func 00007ffa6a241a1d
dtor     D               dtor.c:196  _al_register_destructor          [   0.00000] added dtor for sample_instance 000000000289ea90, func 00007ffa6a23929b
stdio    D         file_stdio.c:110  file_stdio_fopen                 [   0.00000] opening C:\Users\Cameron\Desktop\c programming for masters\advanced_example\bin\Debug\allegro5.cfg r
system   D            wsystem.c:874  _al_win_safe_load_library        [   0.00000] PathFindOnPath found: C:\WINDOWS\system32\shcore.dll
system   D            wsystem.c:780  load_library_at_path             [   0.00000] Calling LoadLibrary C:\WINDOWS\system32\shcore.dll
system   I            wsystem.c:783  load_library_at_path             [   0.00000] Loaded C:\WINDOWS\system32\shcore.dll
system   I             system.c:271  al_install_system                [   0.00000] Allegro version: 5.2.7
system   D            wsystem.c:874  _al_win_safe_load_library        [   0.00023] PathFindOnPath found: C:\WINDOWS\system32\d3d9.dll
system   D            wsystem.c:780  load_library_at_path             [   0.00025] Calling LoadLibrary C:\WINDOWS\system32\d3d9.dll
system   I            wsystem.c:783  load_library_at_path             [   0.00105] Loaded C:\WINDOWS\system32\d3d9.dll
d3d      I         d3d_disp.cpp:684  d3d_init_display                 [   0.02341] Render-to-texture: 1
d3d      I         d3d_disp.cpp:1782 d3d_create_display_locked        [   0.02483] faux_fullscreen=0
d3d      D         d3d_disp.cpp:1783 d3d_create_display_locked        [   0.02486] al_display=00000000028f8bc0
d3d      D         d3d_disp.cpp:1784 d3d_create_display_locked        [   0.02487] al_display->vt=00000000028f8a50
d3d      I d3d_display_formats.cpp:144  _al_d3d_generate_display_format_list [   0.03117] found 160 format combinations
display  D   display_settings.c:212  debug_display_settings           [   0.03121] color: 32 (rgba 8880), depth: 0, stencil: 0, acc: 0000, samples: 0/0
display  D   display_settings.c:527  _al_score_display_settings       [   0.03123] Score is : 897
display  D   display_settings.c:212  debug_display_settings           [   0.03124] color: 32 (rgba 8880), depth: 0, stencil: 0, acc: 0000, samples: 0/0
display  D   display_settings.c:527  _al_score_display_settings       [   0.03126] Score is : 897
display  D   display_settings.c:212  debug_display_settings           [   0.03127] color: 32 (rgba 8880), depth: 0, stencil: 0, acc: 0000, samples: 2/1
display  D   display_settings.c:527  _al_score_display_settings       [   0.03128] Score is : 726
display  D   display_settings.c:212  debug_display_settings           [   0.03129] color: 32 (rgba 8880), depth: 0, stencil: 0, acc: 0000, samples: 3/1
display  D   display_settings.c:527  _al_score_display_settings       [   0.03130] Score is : 721
display  D   display_settings.c:212  debug_display_settings           [   0.03131] color: 32 (rgba 8880), depth: 0, stencil: 0, acc: 0000, samples: 4/1
display  D   display_settings.c:527  _al_score_display_settings       [   0.03132] Score is : 717
display  D   display_settings.c:212  debug_display_settings           [   0.03133] color: 32 (rgba 8880), depth: 24, stencil: 8, acc: 0000, samples: 0/0
display  D   display_settings.c:527  _al_score_display_settings       [   0.03134] Score is : 897
display  D   display_settings.c:212  debug_display_settings           [   0.03135] color: 32 (rgba 8880), depth: 24, stencil: 8, acc: 0000, samples: 0/0
display  D   display_settings.c:527  _al_score_display_settings       [   0.03137] Score is : 897
display  D   display_settings.c:212  debug_display_settings           [   0.03138] color: 32 (rgba 8880), depth: 24, stencil: 8, acc: 0000, samples: 2/1
display  D   display_settings.c:527  _al_score_display_settings       [   0.03139] Score is : 726
display  D   display_settings.c:212  debug_display_settings           [   0.03140] color: 32 (rgba 8880), depth: 24, stencil: 8, acc: 0000, samples: 3/1
display  D   display_settings.c:527  _al_score_display_settings       [   0.03141] Score is : 721
display  D   display_settings.c:212  debug_display_settings           [   0.03142] color: 32 (rgba 8880), depth: 24, stencil: 8, acc: 0000, samples: 4/1
display  D   display_settings.c:527  _al_score_display_settings       [   0.03143] Score is : 717
display  D   display_settings.c:212  debug_display_settings           [   0.03144] color: 32 (rgba 8880), depth: 24, stencil: 0, acc: 0000, samples: 0/0
display  D   display_settings.c:527  _al_score_display_settings       [   0.03145] Score is : 897
display  D   display_settings.c:212  debug_display_settings           [   0.03146] color: 32 (rgba 8880), depth: 24, stencil: 0, acc: 0000, samples: 0/0
display  D   display_settings.c:527  _al_score_display_settings       [   0.03147] Score is : 897
display  D   display_settings.c:212  debug_display_settings           [   0.03148] color: 32 (rgba 8880), depth: 24, stencil: 0, acc: 0000, samples: 2/1
display  D   display_settings.c:527  _al_score_display_settings       [   0.03150] Score is : 726
display  D   display_settings.c:212  debug_display_settings           [   0.03151] color: 32 (rgba 8880), depth: 24, stencil: 0, acc: 0000, samples: 3/1
display  D   display_settings.c:527  _al_score_display_settings       [   0.03152] Score is : 721
display  D   display_settings.c:212  debug_display_settings           [   0.03153] color: 32 (rgba 8880), depth: 24, stencil: 0, acc: 0000, samples: 4/1
display  D   display_settings.c:527  _al_score_display_settings       [   0.03154] Score is : 717
display  D   display_settings.c:212  debug_display_settings           [   0.03155] color: 32 (rgba 8880), depth: 16, stencil: 0, acc: 0000, samples: 0/0
display  D   display_settings.c:527  _al_score_display_settings       [   0.03156] Score is : 897
display  D   display_settings.c:212  debug_display_settings           [   0.03157] color: 32 (rgba 8880), depth: 16, stencil: 0, acc: 0000, samples: 0/0
display  D   display_settings.c:527  _al_score_display_settings       [   0.03158] Score is : 897
display  D   display_settings.c:212  debug_display_settings           [   0.03159] color: 32 (rgba 8880), depth: 16, stencil: 0, acc: 0000, samples: 2/1
display  D   display_settings.c:527  _al_score_display_settings       [   0.03160] Score is : 726
display  D   display_settings.c:212  debug_display_settings           [   0.03161] color: 32 (rgba 8880), depth: 16, stencil: 0, acc: 0000, samples: 3/1
display  D   display_settings.c:527  _al_score_display_settings       [   0.03162] Score is : 721
display  D   display_settings.c:212  debug_display_settings           [   0.03163] color: 32 (rgba 8880), depth: 16, stencil: 0, acc: 0000, samples: 4/1
display  D   display_settings.c:527  _al_score_display_settings       [   0.03165] Score is : 717
display  D   display_settings.c:212  debug_display_settings           [   0.03166] color: 16 (rgba 5650), depth: 0, stencil: 0, acc: 0000, samples: 0/0
display  D   display_settings.c:527  _al_score_display_settings       [   0.03167] Score is : 897
display  D   display_settings.c:212  debug_display_settings           [   0.03168] color: 16 (rgba 5650), depth: 0, stencil: 0, acc: 0000, samples: 0/0
display  D   display_settings.c:527  _al_score_display_settings       [   0.03169] Score is : 897
display  D   display_settings.c:212  debug_display_settings           [   0.03170] color: 16 (rgba 5650), depth: 0, stencil: 0, acc: 0000, samples: 2/1
display  D   display_settings.c:527  _al_score_display_settings       [   0.03171] Score is : 726
display  D   display_settings.c:212  debug_display_settings           [   0.03172] color: 16 (rgba 5650), depth: 0, stencil: 0, acc: 0000, samples: 3/1
display  D   display_settings.c:527  _al_score_display_settings       [   0.03173] Score is : 721
display  D   display_settings.c:212  debug_display_settings           [   0.03174] color: 16 (rgba 5650), depth: 0, stencil: 0, acc: 0000, samples: 4/1
display  D   display_settings.c:527  _al_score_display_settings       [   0.03175] Score is : 717
display  D   display_settings.c:212  debug_display_settings           [   0.03176] color: 16 (rgba 5650), depth: 24, stencil: 8, acc: 0000, samples: 0/0
display  D   display_settings.c:527  _al_score_display_settings       [   0.03177] Score is : 897
display  D   display_settings.c:212  debug_display_settings           [   0.03178] color: 16 (rgba 5650), depth: 24, stencil: 8, acc: 0000, samples: 0/0
display  D   display_settings.c:527  _al_score_display_settings       [   0.03179] Score is : 897
display  D   display_settings.c:212  debug_display_settings           [   0.03180] color: 16 (rgba 5650), depth: 24, stencil: 8, acc: 0000, samples: 2/1
display  D   display_settings.c:527  _al_score_display_settings       [   0.03181] Score is : 726
display  D   display_settings.c:212  debug_display_settings           [   0.03182] color: 16 (rgba 5650), depth: 24, stencil: 8, acc: 0000, samples: 3/1
display  D   display_settings.c:527  _al_score_display_settings       [   0.03187] Score is : 721
display  D   display_settings.c:212  debug_display_settings           [   0.03188] color: 16 (rgba 5650), depth: 24, stencil: 8, acc: 0000, samples: 4/1
display  D   display_settings.c:527  _al_score_display_settings       [   0.03189] Score is : 717
display  D   display_settings.c:212  debug_display_settings           [   0.03190] color: 16 (rgba 5650), depth: 24, stencil: 0, acc: 0000, samples: 0/0
display  D   display_settings.c:527  _al_score_display_settings       [   0.03191] Score is : 897
display  D   display_settings.c:212  debug_display_settings           [   0.03192] color: 16 (rgba 5650), depth: 24, stencil: 0, acc: 0000, samples: 0/0
display  D   display_settings.c:527  _al_score_display_settings       [   0.03193] Score is : 897
display  D   display_settings.c:212  debug_display_settings           [   0.03194] color: 16 (rgba 5650), depth: 24, stencil: 0, acc: 0000, samples: 2/1
display  D   display_settings.c:527  _al_score_display_settings       [   0.03195] Score is : 726
display  D   display_settings.c:212  debug_display_settings           [   0.03196] color: 16 (rgba 5650), depth: 24, stencil: 0, acc: 0000, samples: 3/1
display  D   display_settings.c:527  _al_score_display_settings       [   0.03198] Score is : 721
display  D   display_settings.c:212  debug_display_settings           [   0.03199] color: 16 (rgba 5650), depth: 24, stencil: 0, acc: 0000, samples: 4/1
display  D   display_settings.c:527  _al_score_display_settings       [   0.03200] Score is : 717
display  D   display_settings.c:212  debug_display_settings           [   0.03201] color: 16 (rgba 5650), depth: 16, stencil: 0, acc: 0000, samples: 0/0
display  D   display_settings.c:527  _al_score_display_settings       [   0.03202] Score is : 897
display  D   display_settings.c:212  debug_display_settings           [   0.03203] color: 16 (rgba 5650), depth: 16, stencil: 0, acc: 0000, samples: 0/0
display  D   display_settings.c:527  _al_score_display_settings       [   0.03204] Score is : 897
display  D   display_settings.c:212  debug_display_settings           [   0.03205] color: 16 (rgba 5650), depth: 16, stencil: 0, acc: 0000, samples: 2/1
display  D   display_settings.c:527  _al_score_display_settings       [   0.03206] Score is : 726
display  D   display_settings.c:212  debug_display_settings           [   0.03207] color: 16 (rgba 5650), depth: 16, stencil: 0, acc: 0000, samples: 3/1
display  D   display_settings.c:527  _al_score_display_settings       [   0.03208] Score is : 721
display  D   display_settings.c:212  debug_display_settings           [   0.03209] color: 16 (rgba 5650), depth: 16, stencil: 0, acc: 0000, samples: 4/1
display  D   display_settings.c:527  _al_score_display_settings       [   0.03210] Score is : 717
display  D   display_settings.c:212  debug_display_settings           [   0.03211] color: 32 (rgba 8880), depth: 0, stencil: 0, acc: 0000, samples: 0/0
display  D   display_settings.c:398  _al_score_display_settings       [   0.03212] Single Buffer requirement not met.
display  D   display_settings.c:212  debug_display_settings           [   0.03214] color: 32 (rgba 8880), depth: 0, stencil: 0, acc: 0000, samples: 0/0
display  D   display_settings.c:398  _al_score_display_settings       [   0.03215] Single Buffer requirement not met.
display  D   display_settings.c:212  debug_display_settings           [   0.03216] color: 32 (rgba 8880), depth: 0, stencil: 0, acc: 0000, samples: 2/1
display  D   display_settings.c:398  _al_score_display_settings       [   0.03217] Single Buffer requirement not met.
display  D   display_settings.c:212  debug_display_settings           [   0.03218] color: 32 (rgba 8880), depth: 0, stencil: 0, acc: 0000, samples: 3/1
display  D   display_settings.c:398  _al_score_display_settings       [   0.03219] Single Buffer requirement not met.
display  D   display_settings.c:212  debug_display_settings           [   0.03223] color: 32 (rgba 8880), depth: 0, stencil: 0, acc: 0000, samples: 4/1
display  D   display_settings.c:398  _al_score_display_settings       [   0.03224] Single Buffer requirement not met.
display  D   display_settings.c:212  debug_display_settings           [   0.03225] color: 32 (rgba 8880), depth: 24, stencil: 8, acc: 0000, samples: 0/0
display  D   display_settings.c:398  _al_score_display_settings       [   0.03226] Single Buffer requirement not met.
display  D   display_settings.c:212  debug_display_settings           [   0.03227] color: 32 (rgba 8880), depth: 24, stencil: 8, acc: 0000, samples: 0/0
display  D   display_settings.c:398  _al_score_display_settings       [   0.03229] Single Buffer requirement not met.
display  D   display_settings.c:212  debug_display_settings           [   0.03230] color: 32 (rgba 8880), depth: 24, stencil: 8, acc: 0000, samples: 2/1
display  D   display_settings.c:398  _al_score_display_settings       [   0.03231] Single Buffer requirement not met.
display  D   display_settings.c:212  debug_display_settings           [   0.03232] color: 32 (rgba 8880), depth: 24, stencil: 8, acc: 0000, samples: 3/1
display  D   display_settings.c:398  _al_score_display_settings       [   0.03233] Single Buffer requirement not met.
display  D   display_settings.c:212  debug_display_settings           [   0.03234] color: 32 (rgba 8880), depth: 24, stencil: 8, acc: 0000, samples: 4/1
display  D   display_settings.c:398  _al_score_display_settings       [   0.03235] Single Buffer requirement not met.
display  D   display_settings.c:212  debug_display_settings           [   0.03236] color: 32 (rgba 8880), depth: 24, stencil: 0, acc: 0000, samples: 0/0
display  D   display_settings.c:398  _al_score_display_settings       [   0.03237] Single Buffer requirement not met.
display  D   display_settings.c:212  debug_display_settings           [   0.03238] color: 32 (rgba 8880), depth: 24, stencil: 0, acc: 0000, samples: 0/0
display  D   display_settings.c:398  _al_score_display_settings       [   0.03239] Single Buffer requirement not met.
display  D   display_settings.c:212  debug_display_settings           [   0.03240] color: 32 (rgba 8880), depth: 24, stencil: 0, acc: 0000, samples: 2/1
display  D   display_settings.c:398  _al_score_display_settings       [   0.03241] Single Buffer requirement not met.
display  D   display_settings.c:212  debug_display_settings           [   0.03242] color: 32 (rgba 8880), depth: 24, stencil: 0, acc: 0000, samples: 3/1
display  D   display_settings.c:398  _al_score_display_settings       [   0.03244] Single Buffer requirement not met.
display  D   display_settings.c:212  debug_display_settings           [   0.03245] color: 32 (rgba 8880), depth: 24, stencil: 0, acc: 0000, samples: 4/1
display  D   display_settings.c:398  _al_score_display_settings       [   0.03246] Single Buffer requirement not met.
display  D   display_settings.c:212  debug_display_settings           [   0.03247] color: 32 (rgba 8880), depth: 16, stencil: 0, acc: 0000, samples: 0/0
display  D   display_settings.c:398  _al_score_display_settings       [   0.03248] Single Buffer requirement not met.
display  D   display_settings.c:212  debug_display_settings           [   0.03249] color: 32 (rgba 8880), depth: 16, stencil: 0, acc: 0000, samples: 0/0
display  D   display_settings.c:398  _al_score_display_settings       [   0.03250] Single Buffer requirement not met.
display  D   display_settings.c:212  debug_display_settings           [   0.03251] color: 32 (rgba 8880), depth: 16, stencil: 0, acc: 0000, samples: 2/1
display  D   display_settings.c:398  _al_score_display_settings       [   0.03252] Single Buffer requirement not met.
display  D   display_settings.c:212  debug_display_settings           [   0.03253] color: 32 (rgba 8880), depth: 16, stencil: 0, acc: 0000, samples: 3/1
display  D   display_settings.c:398  _al_score_display_settings       [   0.03254] Single Buffer requirement not met.
display  D   display_settings.c:212  debug_display_settings           [   0.03256] color: 32 (rgba 8880), depth: 16, stencil: 0, acc: 0000, samples: 4/1
display  D   display_settings.c:398  _al_score_display_settings       [   0.03257] Single Buffer requirement not met.
display  D   display_settings.c:212  debug_display_settings           [   0.03258] color: 16 (rgba 5650), depth: 0, stencil: 0, acc: 0000, samples: 0/0
display  D   display_settings.c:398  _al_score_display_settings       [   0.03259] Single Buffer requirement not met.
display  D   display_settings.c:212  debug_display_settings           [   0.03260] color: 16 (rgba 5650), depth: 0, stencil: 0, acc: 0000, samples: 0/0
display  D   display_settings.c:398  _al_score_display_settings       [   0.03261] Single Buffer requirement not met.
display  D   display_settings.c:212  debug_display_settings           [   0.03262] color: 16 (rgba 5650), depth: 0, stencil: 0, acc: 0000, samples: 2/1
display  D   display_settings.c:398  _al_score_display_settings       [   0.03263] Single Buffer requirement not met.
display  D   display_settings.c:212  debug_display_settings           [   0.03264] color: 16 (rgba 5650), depth: 0, stencil: 0, acc: 0000, samples: 3/1
display  D   display_settings.c:398  _al_score_display_settings       [   0.03265] Single Buffer requirement not met.
display  D   display_settings.c:212  debug_display_settings           [   0.03267] color: 16 (rgba 5650), depth: 0, stencil: 0, acc: 0000, samples: 4/1
display  D   display_settings.c:398  _al_score_display_settings       [   0.03268] Single Buffer requirement not met.
display  D   display_settings.c:212  debug_display_settings           [   0.03269] color: 16 (rgba 5650), depth: 24, stencil: 8, acc: 0000, samples: 0/0
display  D   display_settings.c:398  _al_score_display_settings       [   0.03270] Single Buffer requirement not met.
display  D   display_settings.c:212  debug_display_settings           [   0.03271] color: 16 (rgba 5650), depth: 24, stencil: 8, acc: 0000, samples: 0/0
display  D   display_settings.c:398  _al_score_display_settings       [   0.03272] Single Buffer requirement not met.
display  D   display_settings.c:212  debug_display_settings           [   0.03273] color: 16 (rgba 5650), depth: 24, stencil: 8, acc: 0000, samples: 2/1
display  D   display_settings.c:398  _al_score_display_settings       [   0.03274] Single Buffer requirement not met.
display  D   display_settings.c:212  debug_display_settings           [   0.03275] color: 16 (rgba 5650), depth: 24, stencil: 8, acc: 0000, samples: 3/1
display  D   display_settings.c:398  _al_score_display_settings       [   0.03276] Single Buffer requirement not met.
display  D   display_settings.c:212  debug_display_settings           [   0.03277] color: 16 (rgba 5650), depth: 24, stencil: 8, acc: 0000, samples: 4/1
display  D   display_settings.c:398  _al_score_display_settings       [   0.03278] Single Buffer requirement not met.
display  D   display_settings.c:212  debug_display_settings           [   0.03279] color: 16 (rgba 5650), depth: 24, stencil: 0, acc: 0000, samples: 0/0
display  D   display_settings.c:398  _al_score_display_settings       [   0.03281] Single Buffer requirement not met.
display  D   display_settings.c:212  debug_display_settings           [   0.03282] color: 16 (rgba 5650), depth: 24, stencil: 0, acc: 0000, samples: 0/0
display  D   display_settings.c:398  _al_score_display_settings       [   0.03283] Single Buffer requirement not met.
display  D   display_settings.c:212  debug_display_settings           [   0.03284] color: 16 (rgba 5650), depth: 24, stencil: 0, acc: 0000, samples: 2/1
display  D   display_settings.c:398  _al_score_display_settings       [   0.03285] Single Buffer requirement not met.
display  D   display_settings.c:212  debug_display_settings           [   0.03286] color: 16 (rgba 5650), depth: 24, stencil: 0, acc: 0000, samples: 3/1
display  D   display_settings.c:398  _al_score_display_settings       [   0.03287] Single Buffer requirement not met.
display  D   display_settings.c:212  debug_display_settings           [   0.03289] color: 16 (rgba 5650), depth: 24, stencil: 0, acc: 0000, samples: 4/1
display  D   display_settings.c:398  _al_score_display_settings       [   0.03290] Single Buffer requirement not met.
display  D   display_settings.c:212  debug_display_settings           [   0.03292] color: 16 (rgba 5650), depth: 16, stencil: 0, acc: 0000, samples: 0/0
display  D   display_settings.c:398  _al_score_display_settings       [   0.03293] Single Buffer requirement not met.
display  D   display_settings.c:212  debug_display_settings           [   0.03294] color: 16 (rgba 5650), depth: 16, stencil: 0, acc: 0000, samples: 0/0
display  D   display_settings.c:398  _al_score_display_settings       [   0.03295] Single Buffer requirement not met.
display  D   display_settings.c:212  debug_display_settings           [   0.03297] color: 16 (rgba 5650), depth: 16, stencil: 0, acc: 0000, samples: 2/1
display  D   display_settings.c:398  _al_score_display_settings       [   0.03298] Single Buffer requirement not met.
display  D   display_settings.c:212  debug_display_settings           [   0.03299] color: 16 (rgba 5650), depth: 16, stencil: 0, acc: 0000, samples: 3/1
display  D   display_settings.c:398  _al_score_display_settings       [   0.03300] Single Buffer requirement not met.
display  D   display_settings.c:212  debug_display_settings           [   0.03301] color: 16 (rgba 5650), depth: 16, stencil: 0, acc: 0000, samples: 4/1
display  D   display_settings.c:398  _al_score_display_settings       [   0.03302] Single Buffer requirement not met.
display  D   display_settings.c:212  debug_display_settings           [   0.03303] color: 32 (rgba 8880), depth: 0, stencil: 0, acc: 0000, samples: 0/0
display  D   display_settings.c:527  _al_score_display_settings       [   0.03304] Score is : 769
display  D   display_settings.c:212  debug_display_settings           [   0.03305] color: 32 (rgba 8880), depth: 0, stencil: 0, acc: 0000, samples: 0/0
display  D   display_settings.c:527  _al_score_display_settings       [   0.03306] Score is : 769
display  D   display_settings.c:212  debug_display_settings           [   0.03307] color: 32 (rgba 8880), depth: 0, stencil: 0, acc: 0000, samples: 2/1
display  D   display_settings.c:527  _al_score_display_settings       [   0.03308] Score is : 598
display  D   display_settings.c:212  debug_display_settings           [   0.03309] color: 32 (rgba 8880), depth: 0, stencil: 0, acc: 0000, samples: 3/1
display  D   display_settings.c:527  _al_score_display_settings       [   0.03311] Score is : 593
display  D   display_settings.c:212  debug_display_settings           [   0.03311] color: 32 (rgba 8880), depth: 0, stencil: 0, acc: 0000, samples: 4/1
display  D   display_settings.c:527  _al_score_display_settings       [   0.03313] Score is : 589
display  D   display_settings.c:212  debug_display_settings           [   0.03314] color: 32 (rgba 8880), depth: 24, stencil: 8, acc: 0000, samples: 0/0
display  D   display_settings.c:527  _al_score_display_settings       [   0.03315] Score is : 769
display  D   display_settings.c:212  debug_display_settings           [   0.03316] color: 32 (rgba 8880), depth: 24, stencil: 8, acc: 0000, samples: 0/0
display  D   display_settings.c:527  _al_score_display_settings       [   0.03317] Score is : 769
display  D   display_settings.c:212  debug_display_settings           [   0.03318] color: 32 (rgba 8880), depth: 24, stencil: 8, acc: 0000, samples: 2/1
display  D   display_settings.c:527  _al_score_display_settings       [   0.03319] Score is : 598
display  D   display_settings.c:212  debug_display_settings           [   0.03320] color: 32 (rgba 8880), depth: 24, stencil: 8, acc: 0000, samples: 3/1
display  D   display_settings.c:527  _al_score_display_settings       [   0.03321] Score is : 593
display  D   display_settings.c:212  debug_display_settings           [   0.03322] color: 32 (rgba 8880), depth: 24, stencil: 8, acc: 0000, samples: 4/1
display  D   display_settings.c:527  _al_score_display_settings       [   0.03323] Score is : 589
display  D   display_settings.c:212  debug_display_settings           [   0.03324] color: 32 (rgba 8880), depth: 24, stencil: 0, acc: 0000, samples: 0/0
display  D   display_settings.c:527  _al_score_display_settings       [   0.03326] Score is : 769
display  D   display_settings.c:212  debug_display_settings           [   0.03327] color: 32 (rgba 8880), depth: 24, stencil: 0, acc: 0000, samples: 0/0
display  D   display_settings.c:527  _al_score_display_settings       [   0.03328] Score is : 769
display  D   display_settings.c:212  debug_display_settings           [   0.03329] color: 32 (rgba 8880), depth: 24, stencil: 0, acc: 0000, samples: 2/1
display  D   display_settings.c:527  _al_score_display_settings       [   0.03330] Score is : 598
display  D   display_settings.c:212  debug_display_settings           [   0.03331] color: 32 (rgba 8880), depth: 24, stencil: 0, acc: 0000, samples: 3/1
display  D   display_settings.c:527  _al_score_display_settings       [   0.03332] Score is : 593
display  D   display_settings.c:212  debug_display_settings           [   0.03333] color: 32 (rgba 8880), depth: 24, stencil: 0, acc: 0000, samples: 4/1
display  D   display_settings.c:527  _al_score_display_settings       [   0.03334] Score is : 589
display  D   display_settings.c:212  debug_display_settings           [   0.03335] color: 32 (rgba 8880), depth: 16, stencil: 0, acc: 0000, samples: 0/0
display  D   display_settings.c:527  _al_score_display_settings       [   0.03336] Score is : 769
display  D   display_settings.c:212  debug_display_settings           [   0.03337] color: 32 (rgba 8880), depth: 16, stencil: 0, acc: 0000, samples: 0/0
display  D   display_settings.c:527  _al_score_display_settings       [   0.03338] Score is : 769
display  D   display_settings.c:212  debug_display_settings           [   0.03339] color: 32 (rgba 8880), depth: 16, stencil: 0, acc: 0000, samples: 2/1
display  D   display_settings.c:527  _al_score_display_settings       [   0.03340] Score is : 598
display  D   display_settings.c:212  debug_display_settings           [   0.03341] color: 32 (rgba 8880), depth: 16, stencil: 0, acc: 0000, samples: 3/1
display  D   display_settings.c:527  _al_score_display_settings       [   0.03343] Score is : 593
display  D   display_settings.c:212  debug_display_settings           [   0.03344] color: 32 (rgba 8880), depth: 16, stencil: 0, acc: 0000, samples: 4/1
display  D   display_settings.c:527  _al_score_display_settings       [   0.03345] Score is : 589
display  D   display_settings.c:212  debug_display_settings           [   0.03346] color: 16 (rgba 5650), depth: 0, stencil: 0, acc: 0000, samples: 0/0
display  D   display_settings.c:527  _al_score_display_settings       [   0.03347] Score is : 769
display  D   display_settings.c:212  debug_display_settings           [   0.03348] color: 16 (rgba 5650), depth: 0, stencil: 0, acc: 0000, samples: 0/0
display  D   display_settings.c:527  _al_score_display_settings       [   0.03349] Score is : 769
display  D   display_settings.c:212  debug_display_settings           [   0.03350] color: 16 (rgba 5650), depth: 0, stencil: 0, acc: 0000, samples: 2/1
display  D   display_settings.c:527  _al_score_display_settings       [   0.03351] Score is : 598
display  D   display_settings.c:212  debug_display_settings           [   0.03352] color: 16 (rgba 5650), depth: 0, stencil: 0, acc: 0000, samples: 3/1
display  D   display_settings.c:527  _al_score_display_settings       [   0.03353] Score is : 593
display  D   display_settings.c:212  debug_display_settings           [   0.03354] color: 16 (rgba 5650), depth: 0, stencil: 0, acc: 0000, samples: 4/1
display  D   display_settings.c:527  _al_score_display_settings       [   0.03355] Score is : 589
display  D   display_settings.c:212  debug_display_settings           [   0.03356] color: 16 (rgba 5650), depth: 24, stencil: 8, acc: 0000, samples: 0/0
display  D   display_settings.c:527  _al_score_display_settings       [   0.03357] Score is : 769
display  D   display_settings.c:212  debug_display_settings           [   0.03358] color: 16 (rgba 5650), depth: 24, stencil: 8, acc: 0000, samples: 0/0
display  D   display_settings.c:527  _al_score_display_settings       [   0.03360] Score is : 769
display  D   display_settings.c:212  debug_display_settings           [   0.03361] color: 16 (rgba 5650), depth: 24, stencil: 8, acc: 0000, samples: 2/1
display  D   display_settings.c:527  _al_score_display_settings       [   0.03362] Score is : 598
display  D   display_settings.c:212  debug_display_settings           [   0.03363] color: 16 (rgba 5650), depth: 24, stencil: 8, acc: 0000, samples: 3/1
display  D   display_settings.c:527  _al_score_display_settings       [   0.03364] Score is : 593
display  D   display_settings.c:212  debug_display_settings           [   0.03365] color: 16 (rgba 5650), depth: 24, stencil: 8, acc: 0000, samples: 4/1
display  D   display_settings.c:527  _al_score_display_settings       [   0.03366] Score is : 589
display  D   display_settings.c:212  debug_display_settings           [   0.03367] color: 16 (rgba 5650), depth: 24, stencil: 0, acc: 0000, samples: 0/0
display  D   display_settings.c:527  _al_score_display_settings       [   0.03369] Score is : 769
display  D   display_settings.c:212  debug_display_settings           [   0.03370] color: 16 (rgba 5650), depth: 24, stencil: 0, acc: 0000, samples: 0/0
display  D   display_settings.c:527  _al_score_display_settings       [   0.03371] Score is : 769
display  D   display_settings.c:212  debug_display_settings           [   0.03372] color: 16 (rgba 5650), depth: 24, stencil: 0, acc: 0000, samples: 2/1
display  D   display_settings.c:527  _al_score_display_settings       [   0.03373] Score is : 598
display  D   display_settings.c:212  debug_display_settings           [   0.03374] color: 16 (rgba 5650), depth: 24, stencil: 0, acc: 0000, samples: 3/1
display  D   display_settings.c:527  _al_score_display_settings       [   0.03375] Score is : 593
display  D   display_settings.c:212  debug_display_settings           [   0.03376] color: 16 (rgba 5650), depth: 24, stencil: 0, acc: 0000, samples: 4/1
display  D   display_settings.c:527  _al_score_display_settings       [   0.03377] Score is : 589
display  D   display_settings.c:212  debug_display_settings           [   0.03378] color: 16 (rgba 5650), depth: 16, stencil: 0, acc: 0000, samples: 0/0
display  D   display_settings.c:527  _al_score_display_settings       [   0.03379] Score is : 769
display  D   display_settings.c:212  debug_display_settings           [   0.03380] color: 16 (rgba 5650), depth: 16, stencil: 0, acc: 0000, samples: 0/0
display  D   display_settings.c:527  _al_score_display_settings       [   0.03381] Score is : 769
display  D   display_settings.c:212  debug_display_settings           [   0.03382] color: 16 (rgba 5650), depth: 16, stencil: 0, acc: 0000, samples: 2/1
display  D   display_settings.c:527  _al_score_display_settings       [   0.03384] Score is : 598
display  D   display_settings.c:212  debug_display_settings           [   0.03385] color: 16 (rgba 5650), depth: 16, stencil: 0, acc: 0000, samples: 3/1
display  D   display_settings.c:527  _al_score_display_settings       [   0.03386] Score is : 593
display  D   display_settings.c:212  debug_display_settings           [   0.03387] color: 16 (rgba 5650), depth: 16, stencil: 0, acc: 0000, samples: 4/1
display  D   display_settings.c:527  _al_score_display_settings       [   0.03388] Score is : 589
display  D   display_settings.c:212  debug_display_settings           [   0.03389] color: 32 (rgba 8880), depth: 0, stencil: 0, acc: 0000, samples: 0/0
display  D   display_settings.c:398  _al_score_display_settings       [   0.03390] Single Buffer requirement not met.
display  D   display_settings.c:212  debug_display_settings           [   0.03391] color: 32 (rgba 8880), depth: 0, stencil: 0, acc: 0000, samples: 0/0
display  D   display_settings.c:398  _al_score_display_settings       [   0.03392] Single Buffer requirement not met.
display  D   display_settings.c:212  debug_display_settings           [   0.03393] color: 32 (rgba 8880), depth: 0, stencil: 0, acc: 0000, samples: 2/1
display  D   display_settings.c:398  _al_score_display_settings       [   0.03394] Single Buffer requirement not met.
display  D   display_settings.c:212  debug_display_settings           [   0.03395] color: 32 (rgba 8880), depth: 0, stencil: 0, acc: 0000, samples: 3/1
display  D   display_settings.c:398  _al_score_display_settings       [   0.03397] Single Buffer requirement not met.
display  D   display_settings.c:212  debug_display_settings           [   0.03398] color: 32 (rgba 8880), depth: 0, stencil: 0, acc: 0000, samples: 4/1
display  D   display_settings.c:398  _al_score_display_settings       [   0.03399] Single Buffer requirement not met.
display  D   display_settings.c:212  debug_display_settings           [   0.03400] color: 32 (rgba 8880), depth: 24, stencil: 8, acc: 0000, samples: 0/0
display  D   display_settings.c:398  _al_score_display_settings       [   0.03401] Single Buffer requirement not met.
display  D   display_settings.c:212  debug_display_settings           [   0.03402] color: 32 (rgba 8880), depth: 24, stencil: 8, acc: 0000, samples: 0/0
display  D   display_settings.c:398  _al_score_display_settings       [   0.03403] Single Buffer requirement not met.
display  D   display_settings.c:212  debug_display_settings           [   0.03404] color: 32 (rgba 8880), depth: 24, stencil: 8, acc: 0000, samples: 2/1
display  D   display_settings.c:398  _al_score_display_settings       [   0.03405] Single Buffer requirement not met.
display  D   display_settings.c:212  debug_display_settings           [   0.03406] color: 32 (rgba 8880), depth: 24, stencil: 8, acc: 0000, samples: 3/1
display  D   display_settings.c:398  _al_score_display_settings       [   0.03407] Single Buffer requirement not met.
display  D   display_settings.c:212  debug_display_settings           [   0.03408] color: 32 (rgba 8880), depth: 24, stencil: 8, acc: 0000, samples: 4/1
display  D   display_settings.c:398  _al_score_display_settings       [   0.03410] Single Buffer requirement not met.
display  D   display_settings.c:212  debug_display_settings           [   0.03411] color: 32 (rgba 8880), depth: 24, stencil: 0, acc: 0000, samples: 0/0
display  D   display_settings.c:398  _al_score_display_settings       [   0.03412] Single Buffer requirement not met.
display  D   display_settings.c:212  debug_display_settings           [   0.03413] color: 32 (rgba 8880), depth: 24, stencil: 0, acc: 0000, samples: 0/0
display  D   display_settings.c:398  _al_score_display_settings       [   0.03414] Single Buffer requirement not met.
display  D   display_settings.c:212  debug_display_settings           [   0.03415] color: 32 (rgba 8880), depth: 24, stencil: 0, acc: 0000, samples: 2/1
display  D   display_settings.c:398  _al_score_display_settings       [   0.03416] Single Buffer requirement not met.
display  D   display_settings.c:212  debug_display_settings           [   0.03417] color: 32 (rgba 8880), depth: 24, stencil: 0, acc: 0000, samples: 3/1
display  D   display_settings.c:398  _al_score_display_settings       [   0.03418] Single Buffer requirement not met.
display  D   display_settings.c:212  debug_display_settings           [   0.03419] color: 32 (rgba 8880), depth: 24, stencil: 0, acc: 0000, samples: 4/1
display  D   display_settings.c:398  _al_score_display_settings       [   0.03420] Single Buffer requirement not met.
display  D   display_settings.c:212  debug_display_settings           [   0.03421] color: 32 (rgba 8880), depth: 16, stencil: 0, acc: 0000, samples: 0/0
display  D   display_settings.c:398  _al_score_display_settings       [   0.03423] Single Buffer requirement not met.
display  D   display_settings.c:212  debug_display_settings           [   0.03424] color: 32 (rgba 8880), depth: 16, stencil: 0, acc: 0000, samples: 0/0
display  D   display_settings.c:398  _al_score_display_settings       [   0.03425] Single Buffer requirement not met.
display  D   display_settings.c:212  debug_display_settings           [   0.03426] color: 32 (rgba 8880), depth: 16, stencil: 0, acc: 0000, samples: 2/1
display  D   display_settings.c:398  _al_score_display_settings       [   0.03427] Single Buffer requirement not met.
display  D   display_settings.c:212  debug_display_settings           [   0.03428] color: 32 (rgba 8880), depth: 16, stencil: 0, acc: 0000, samples: 3/1
display  D   display_settings.c:398  _al_score_display_settings       [   0.03429] Single Buffer requirement not met.
display  D   display_settings.c:212  debug_display_settings           [   0.03430] color: 32 (rgba 8880), depth: 16, stencil: 0, acc: 0000, samples: 4/1
display  D   display_settings.c:398  _al_score_display_settings       [   0.03431] Single Buffer requirement not met.
display  D   display_settings.c:212  debug_display_settings           [   0.03433] color: 16 (rgba 5650), depth: 0, stencil: 0, acc: 0000, samples: 0/0
display  D   display_settings.c:398  _al_score_display_settings       [   0.03434] Single Buffer requirement not met.
display  D   display_settings.c:212  debug_display_settings           [   0.03435] color: 16 (rgba 5650), depth: 0, stencil: 0, acc: 0000, samples: 0/0
display  D   display_settings.c:398  _al_score_display_settings       [   0.03436] Single Buffer requirement not met.
display  D   display_settings.c:212  debug_display_settings           [   0.03437] color: 16 (rgba 5650), depth: 0, stencil: 0, acc: 0000, samples: 2/1
display  D   display_settings.c:398  _al_score_display_settings       [   0.03439] Single Buffer requirement not met.
display  D   display_settings.c:212  debug_display_settings           [   0.03440] color: 16 (rgba 5650), depth: 0, stencil: 0, acc: 0000, samples: 3/1
display  D   display_settings.c:398  _al_score_display_settings       [   0.03442] Single Buffer requirement not met.
display  D   display_settings.c:212  debug_display_settings           [   0.03443] color: 16 (rgba 5650), depth: 0, stencil: 0, acc: 0000, samples: 4/1
display  D   display_settings.c:398  _al_score_display_settings       [   0.03444] Single Buffer requirement not met.
display  D   display_settings.c:212  debug_display_settings           [   0.03445] color: 16 (rgba 5650), depth: 24, stencil: 8, acc: 0000, samples: 0/0
display  D   display_settings.c:398  _al_score_display_settings       [   0.03446] Single Buffer requirement not met.
display  D   display_settings.c:212  debug_display_settings           [   0.03447] color: 16 (rgba 5650), depth: 24, stencil: 8, acc: 0000, samples: 0/0
display  D   display_settings.c:398  _al_score_display_settings       [   0.03449] Single Buffer requirement not met.
display  D   display_settings.c:212  debug_display_settings           [   0.03451] color: 16 (rgba 5650), depth: 24, stencil: 8, acc: 0000, samples: 2/1
display  D   display_settings.c:398  _al_score_display_settings       [   0.03452] Single Buffer requirement not met.
display  D   display_settings.c:212  debug_display_settings           [   0.03453] color: 16 (rgba 5650), depth: 24, stencil: 8, acc: 0000, samples: 3/1
display  D   display_settings.c:398  _al_score_display_settings       [   0.03455] Single Buffer requirement not met.
display  D   display_settings.c:212  debug_display_settings           [   0.03457] color: 16 (rgba 5650), depth: 24, stencil: 8, acc: 0000, samples: 4/1
display  D   display_settings.c:398  _al_score_display_settings       [   0.03458] Single Buffer requirement not met.
display  D   display_settings.c:212  debug_display_settings           [   0.03459] color: 16 (rgba 5650), depth: 24, stencil: 0, acc: 0000, samples: 0/0
display  D   display_settings.c:398  _al_score_display_settings       [   0.03460] Single Buffer requirement not met.
display  D   display_settings.c:212  debug_display_settings           [   0.03461] color: 16 (rgba 5650), depth: 24, stencil: 0, acc: 0000, samples: 0/0
display  D   display_settings.c:398  _al_score_display_settings       [   0.03462] Single Buffer requirement not met.
display  D   display_settings.c:212  debug_display_settings           [   0.03464] color: 16 (rgba 5650), depth: 24, stencil: 0, acc: 0000, samples: 2/1
display  D   display_settings.c:398  _al_score_display_settings       [   0.03466] Single Buffer requirement not met.
display  D   display_settings.c:212  debug_display_settings           [   0.03467] color: 16 (rgba 5650), depth: 24, stencil: 0, acc: 0000, samples: 3/1
display  D   display_settings.c:398  _al_score_display_settings       [   0.03468] Single Buffer requirement not met.
display  D   display_settings.c:212  debug_display_settings           [   0.03469] color: 16 (rgba 5650), depth: 24, stencil: 0, acc: 0000, samples: 4/1
display  D   display_settings.c:398  _al_score_display_settings       [   0.03470] Single Buffer requirement not met.
display  D   display_settings.c:212  debug_display_settings           [   0.03471] color: 16 (rgba 5650), depth: 16, stencil: 0, acc: 0000, samples: 0/0
display  D   display_settings.c:398  _al_score_display_settings       [   0.03472] Single Buffer requirement not met.
display  D   display_settings.c:212  debug_display_settings           [   0.03473] color: 16 (rgba 5650), depth: 16, stencil: 0, acc: 0000, samples: 0/0
display  D   display_settings.c:398  _al_score_display_settings       [   0.03474] Single Buffer requirement not met.
display  D   display_settings.c:212  debug_display_settings           [   0.03475] color: 16 (rgba 5650), depth: 16, stencil: 0, acc: 0000, samples: 2/1
display  D   display_settings.c:398  _al_score_display_settings       [   0.03476] Single Buffer requirement not met.
display  D   display_settings.c:212  debug_display_settings           [   0.03477] color: 16 (rgba 5650), depth: 16, stencil: 0, acc: 0000, samples: 3/1
display  D   display_settings.c:398  _al_score_display_settings       [   0.03479] Single Buffer requirement not met.
display  D   display_settings.c:212  debug_display_settings           [   0.03480] color: 16 (rgba 5650), depth: 16, stencil: 0, acc: 0000, samples: 4/1
display  D   display_settings.c:398  _al_score_display_settings       [   0.03481] Single Buffer requirement not met.
d3d      D         d3d_disp.cpp:1682 d3d_create_display_internals     [   0.03483] Trying format 0.
d3d      I         d3d_disp.cpp:1358 d3d_display_thread_proc          [   0.03501] Chose a display format: 23
d3d      I         d3d_disp.cpp:1427 d3d_display_thread_proc          [   0.03504] Normal window.
d3d      I         d3d_disp.cpp:791  d3d_create_device                [   0.08368] Using no depth stencil buffer
